2021-11-04 20:39:01,374 WARNING :: Not Found: /welcomepage/home
2021-11-04 20:39:46,322 INFO :: /Users/osneildrakes/Desktop/Makers/Projects/cryp-3po/CRYP-3PO/traderunner/tradingbot/views.py changed, reloading.
2021-11-04 20:48:15,546 INFO :: /Users/osneildrakes/Desktop/Makers/Projects/cryp-3po/CRYP-3PO/traderunner/tradingbot/views.py changed, reloading.
2021-11-04 20:49:39,140 INFO :: /Users/osneildrakes/Desktop/Makers/Projects/cryp-3po/CRYP-3PO/traderunner/tradingbot/views.py changed, reloading.
2021-11-04 21:02:45,186 INFO :: /Users/osneildrakes/Desktop/Makers/Projects/cryp-3po/CRYP-3PO/traderunner/tradingbot/views.py changed, reloading.
2021-11-04 21:03:47,568 INFO :: /Users/osneildrakes/Desktop/Makers/Projects/cryp-3po/CRYP-3PO/traderunner/tradingbot/views.py changed, reloading.
2021-11-04 21:04:50,417 INFO :: /Users/osneildrakes/Desktop/Makers/Projects/cryp-3po/CRYP-3PO/traderunner/tradingbot/views.py changed, reloading.
2021-11-04 21:05:14,799 INFO :: /Users/osneildrakes/Desktop/Makers/Projects/cryp-3po/CRYP-3PO/traderunner/tradingbot/views.py changed, reloading.
2021-11-04 21:05:25,914 INFO :: /Users/osneildrakes/Desktop/Makers/Projects/cryp-3po/CRYP-3PO/traderunner/tradingbot/views.py changed, reloading.
2021-11-04 21:10:21,191 INFO :: /Users/osneildrakes/Desktop/Makers/Projects/cryp-3po/CRYP-3PO/traderunner/tradingbot/views.py changed, reloading.
2021-11-04 21:14:08,835 INFO :: /Users/osneildrakes/Desktop/Makers/Projects/cryp-3po/CRYP-3PO/traderunner/tradingbot/views.py changed, reloading.
2021-11-04 21:50:54,350 INFO :: /Users/osneildrakes/Desktop/Makers/Projects/cryp-3po/CRYP-3PO/traderunner/tradingbot/views.py changed, reloading.
2021-11-04 21:52:47,593 INFO :: /Users/osneildrakes/Desktop/Makers/Projects/cryp-3po/CRYP-3PO/traderunner/tradingbot/views.py changed, reloading.
2021-11-04 21:52:55,014 INFO :: /Users/osneildrakes/Desktop/Makers/Projects/cryp-3po/CRYP-3PO/traderunner/tradingbot/views.py changed, reloading.
2021-11-04 21:53:01,458 INFO :: /Users/osneildrakes/Desktop/Makers/Projects/cryp-3po/CRYP-3PO/traderunner/traderunner/urls.py changed, reloading.
2021-11-04 21:53:21,922 INFO :: /Users/osneildrakes/Desktop/Makers/Projects/cryp-3po/CRYP-3PO/traderunner/tradingbot/views.py changed, reloading.
2021-11-04 21:53:30,409 ERROR :: Internal Server Error: /home
Traceback (most recent call last):
  File "/usr/local/lib/python3.9/site-packages/django/core/handlers/exception.py", line 47, in inner
    response = get_response(request)
  File "/usr/local/lib/python3.9/site-packages/django/core/handlers/base.py", line 181, in _get_response
    response = wrapped_callback(request, *callback_args, **callback_kwargs)
  File "/Users/osneildrakes/Desktop/Makers/Projects/cryp-3po/CRYP-3PO/traderunner/tradingbot/views.py", line 53, in home_view
    x = binance.contracts["BTCUSDT"].price_decimals
AttributeError: type object 'BinanceFuturesClient' has no attribute 'contracts'
2021-11-04 21:55:36,106 INFO :: /Users/osneildrakes/Desktop/Makers/Projects/cryp-3po/CRYP-3PO/traderunner/tradingbot/views.py changed, reloading.
2021-11-04 21:55:41,480 ERROR :: Internal Server Error: /home
Traceback (most recent call last):
  File "/usr/local/lib/python3.9/site-packages/django/core/handlers/exception.py", line 47, in inner
    response = get_response(request)
  File "/usr/local/lib/python3.9/site-packages/django/core/handlers/base.py", line 181, in _get_response
    response = wrapped_callback(request, *callback_args, **callback_kwargs)
  File "/Users/osneildrakes/Desktop/Makers/Projects/cryp-3po/CRYP-3PO/traderunner/tradingbot/views.py", line 64, in home_view
    return render(request, produce, template_name="home.html")
TypeError: render() got multiple values for argument 'template_name'
2021-11-04 21:56:03,441 INFO :: /Users/osneildrakes/Desktop/Makers/Projects/cryp-3po/CRYP-3PO/traderunner/tradingbot/views.py changed, reloading.
2021-11-04 21:56:25,472 INFO :: /Users/osneildrakes/Desktop/Makers/Projects/cryp-3po/CRYP-3PO/traderunner/tradingbot/views.py changed, reloading.
2021-11-04 21:56:28,326 ERROR :: Internal Server Error: /home
Traceback (most recent call last):
  File "/usr/local/lib/python3.9/site-packages/django/core/handlers/exception.py", line 47, in inner
    response = get_response(request)
  File "/usr/local/lib/python3.9/site-packages/django/core/handlers/base.py", line 181, in _get_response
    response = wrapped_callback(request, *callback_args, **callback_kwargs)
  File "/Users/osneildrakes/Desktop/Makers/Projects/cryp-3po/CRYP-3PO/traderunner/tradingbot/views.py", line 64, in home_view
    return render(produce, request, template_name="home.html")
TypeError: render() got multiple values for argument 'template_name'
2021-11-04 21:57:37,829 INFO :: /Users/osneildrakes/Desktop/Makers/Projects/cryp-3po/CRYP-3PO/traderunner/tradingbot/views.py changed, reloading.
2021-11-04 22:04:13,235 INFO :: /Users/osneildrakes/Desktop/Makers/Projects/cryp-3po/CRYP-3PO/traderunner/tradingbot/views.py changed, reloading.
2021-11-04 22:04:25,473 ERROR :: Internal Server Error: /home
Traceback (most recent call last):
  File "/usr/local/lib/python3.9/site-packages/django/core/handlers/exception.py", line 47, in inner
    response = get_response(request)
  File "/usr/local/lib/python3.9/site-packages/django/core/handlers/base.py", line 181, in _get_response
    response = wrapped_callback(request, *callback_args, **callback_kwargs)
  File "/Users/osneildrakes/Desktop/Makers/Projects/cryp-3po/CRYP-3PO/traderunner/tradingbot/views.py", line 53, in home_view
    x = binance.contracts["BTCUSDT"]
AttributeError: type object 'BinanceFuturesClient' has no attribute 'contracts'
2021-11-04 22:05:53,550 INFO :: /Users/osneildrakes/Desktop/Makers/Projects/cryp-3po/CRYP-3PO/traderunner/tradingbot/views.py changed, reloading.
2021-11-04 22:06:20,767 INFO :: /Users/osneildrakes/Desktop/Makers/Projects/cryp-3po/CRYP-3PO/traderunner/tradingbot/views.py changed, reloading.
2021-11-04 22:08:04,702 INFO :: /Users/osneildrakes/Desktop/Makers/Projects/cryp-3po/CRYP-3PO/traderunner/tradingbot/views.py changed, reloading.
2021-11-04 22:08:08,150 ERROR :: Internal Server Error: /home
Traceback (most recent call last):
  File "/usr/local/lib/python3.9/site-packages/django/core/handlers/exception.py", line 47, in inner
    response = get_response(request)
  File "/usr/local/lib/python3.9/site-packages/django/core/handlers/base.py", line 181, in _get_response
    response = wrapped_callback(request, *callback_args, **callback_kwargs)
  File "/Users/osneildrakes/Desktop/Makers/Projects/cryp-3po/CRYP-3PO/traderunner/tradingbot/views.py", line 63, in home_view
    binance = binancey.get_historical_candles(binancey.contracts['BTCUSDT'], '1h')
AttributeError: type object 'BinanceFuturesClient' has no attribute 'contracts'
2021-11-04 22:09:53,321 INFO :: /Users/osneildrakes/Desktop/Makers/Projects/cryp-3po/CRYP-3PO/traderunner/tradingbot/API/main.py changed, reloading.
2021-11-04 22:10:47,811 INFO :: /Users/osneildrakes/Desktop/Makers/Projects/cryp-3po/CRYP-3PO/traderunner/tradingbot/views.py changed, reloading.
2021-11-04 22:11:47,632 INFO :: /Users/osneildrakes/Desktop/Makers/Projects/cryp-3po/CRYP-3PO/traderunner/tradingbot/views.py changed, reloading.
2021-11-04 22:11:50,170 ERROR :: Internal Server Error: /home
Traceback (most recent call last):
  File "/usr/local/lib/python3.9/site-packages/django/core/handlers/exception.py", line 47, in inner
    response = get_response(request)
  File "/usr/local/lib/python3.9/site-packages/django/core/handlers/base.py", line 181, in _get_response
    response = wrapped_callback(request, *callback_args, **callback_kwargs)
  File "/Users/osneildrakes/Desktop/Makers/Projects/cryp-3po/CRYP-3PO/traderunner/tradingbot/views.py", line 63, in home_view
    binance = binancey.get_historical_candles(binancey.contracts['BTCUSDT'], '1h')
AttributeError: type object 'BinanceFuturesClient' has no attribute 'contracts'
2021-11-04 22:12:06,335 INFO :: /Users/osneildrakes/Desktop/Makers/Projects/cryp-3po/CRYP-3PO/traderunner/tradingbot/views.py changed, reloading.
2021-11-04 22:12:15,127 INFO :: Binance Futures Client Successfully Initialized
2021-11-04 22:12:16,353 INFO :: Binance connection opened
2021-11-04 22:12:42,125 INFO :: Binance Futures Client Successfully Initialized
2021-11-04 22:12:43,139 INFO :: Binance connection opened
2021-11-04 22:22:43,575 INFO :: Binance Futures Client Successfully Initialized
2021-11-04 22:22:44,705 INFO :: Binance connection opened
2021-11-04 22:24:31,075 INFO :: Binance Futures Client Successfully Initialized
2021-11-04 22:24:31,578 ERROR :: Internal Server Error: /home
Traceback (most recent call last):
  File "/usr/local/lib/python3.9/site-packages/django/core/handlers/exception.py", line 47, in inner
    response = get_response(request)
  File "/usr/local/lib/python3.9/site-packages/django/core/handlers/base.py", line 181, in _get_response
    response = wrapped_callback(request, *callback_args, **callback_kwargs)
  File "/Users/osneildrakes/Desktop/Makers/Projects/cryp-3po/CRYP-3PO/traderunner/tradingbot/views.py", line 65, in home_view
    return render(request, "home.html", {'binance': binance})
  File "/usr/local/lib/python3.9/site-packages/django/shortcuts.py", line 19, in render
    content = loader.render_to_string(template_name, context, request, using=using)
  File "/usr/local/lib/python3.9/site-packages/django/template/loader.py", line 61, in render_to_string
    template = get_template(template_name, using=using)
  File "/usr/local/lib/python3.9/site-packages/django/template/loader.py", line 15, in get_template
    return engine.get_template(template_name)
  File "/usr/local/lib/python3.9/site-packages/django/template/backends/django.py", line 34, in get_template
    return Template(self.engine.get_template(template_name), self)
  File "/usr/local/lib/python3.9/site-packages/django/template/engine.py", line 143, in get_template
    template, origin = self.find_template(template_name)
  File "/usr/local/lib/python3.9/site-packages/django/template/engine.py", line 125, in find_template
    template = loader.get_template(name, skip=skip)
  File "/usr/local/lib/python3.9/site-packages/django/template/loaders/base.py", line 29, in get_template
    return Template(
  File "/usr/local/lib/python3.9/site-packages/django/template/base.py", line 155, in __init__
    self.nodelist = self.compile_nodelist()
  File "/usr/local/lib/python3.9/site-packages/django/template/base.py", line 193, in compile_nodelist
    return parser.parse()
  File "/usr/local/lib/python3.9/site-packages/django/template/base.py", line 478, in parse
    raise self.error(token, e)
  File "/usr/local/lib/python3.9/site-packages/django/template/base.py", line 476, in parse
    compiled_result = compile_func(self, token)
  File "/usr/local/lib/python3.9/site-packages/django/template/loader_tags.py", line 278, in do_extends
    nodelist = parser.parse()
  File "/usr/local/lib/python3.9/site-packages/django/template/base.py", line 478, in parse
    raise self.error(token, e)
  File "/usr/local/lib/python3.9/site-packages/django/template/base.py", line 476, in parse
    compiled_result = compile_func(self, token)
  File "/usr/local/lib/python3.9/site-packages/django/template/loader_tags.py", line 216, in do_block
    nodelist = parser.parse(('endblock',))
  File "/usr/local/lib/python3.9/site-packages/django/template/base.py", line 478, in parse
    raise self.error(token, e)
  File "/usr/local/lib/python3.9/site-packages/django/template/base.py", line 476, in parse
    compiled_result = compile_func(self, token)
  File "/usr/local/lib/python3.9/site-packages/django/template/defaulttags.py", line 965, in do_if
    nodelist = parser.parse(('elif', 'else', 'endif'))
  File "/usr/local/lib/python3.9/site-packages/django/template/base.py", line 449, in parse
    raise self.error(token, e)
  File "/usr/local/lib/python3.9/site-packages/django/template/base.py", line 447, in parse
    filter_expression = self.compile_filter(token.contents)
  File "/usr/local/lib/python3.9/site-packages/django/template/base.py", line 563, in compile_filter
    return FilterExpression(token, self)
  File "/usr/local/lib/python3.9/site-packages/django/template/base.py", line 662, in __init__
    raise TemplateSyntaxError("Could not parse the remainder: '%s' "
django.template.exceptions.TemplateSyntaxError: Could not parse the remainder: '[:4].symbol' from 'binance[:4].symbol'
2021-11-04 22:24:32,214 INFO :: Binance connection opened
2021-11-04 22:26:23,749 INFO :: Binance Futures Client Successfully Initialized
2021-11-04 22:26:24,256 ERROR :: Internal Server Error: /home
Traceback (most recent call last):
  File "/usr/local/lib/python3.9/site-packages/django/core/handlers/exception.py", line 47, in inner
    response = get_response(request)
  File "/usr/local/lib/python3.9/site-packages/django/core/handlers/base.py", line 181, in _get_response
    response = wrapped_callback(request, *callback_args, **callback_kwargs)
  File "/Users/osneildrakes/Desktop/Makers/Projects/cryp-3po/CRYP-3PO/traderunner/tradingbot/views.py", line 65, in home_view
    return render(request, "home.html", {'binance': binance})
  File "/usr/local/lib/python3.9/site-packages/django/shortcuts.py", line 19, in render
    content = loader.render_to_string(template_name, context, request, using=using)
  File "/usr/local/lib/python3.9/site-packages/django/template/loader.py", line 61, in render_to_string
    template = get_template(template_name, using=using)
  File "/usr/local/lib/python3.9/site-packages/django/template/loader.py", line 15, in get_template
    return engine.get_template(template_name)
  File "/usr/local/lib/python3.9/site-packages/django/template/backends/django.py", line 34, in get_template
    return Template(self.engine.get_template(template_name), self)
  File "/usr/local/lib/python3.9/site-packages/django/template/engine.py", line 143, in get_template
    template, origin = self.find_template(template_name)
  File "/usr/local/lib/python3.9/site-packages/django/template/engine.py", line 125, in find_template
    template = loader.get_template(name, skip=skip)
  File "/usr/local/lib/python3.9/site-packages/django/template/loaders/base.py", line 29, in get_template
    return Template(
  File "/usr/local/lib/python3.9/site-packages/django/template/base.py", line 155, in __init__
    self.nodelist = self.compile_nodelist()
  File "/usr/local/lib/python3.9/site-packages/django/template/base.py", line 193, in compile_nodelist
    return parser.parse()
  File "/usr/local/lib/python3.9/site-packages/django/template/base.py", line 478, in parse
    raise self.error(token, e)
  File "/usr/local/lib/python3.9/site-packages/django/template/base.py", line 476, in parse
    compiled_result = compile_func(self, token)
  File "/usr/local/lib/python3.9/site-packages/django/template/loader_tags.py", line 278, in do_extends
    nodelist = parser.parse()
  File "/usr/local/lib/python3.9/site-packages/django/template/base.py", line 478, in parse
    raise self.error(token, e)
  File "/usr/local/lib/python3.9/site-packages/django/template/base.py", line 476, in parse
    compiled_result = compile_func(self, token)
  File "/usr/local/lib/python3.9/site-packages/django/template/loader_tags.py", line 216, in do_block
    nodelist = parser.parse(('endblock',))
  File "/usr/local/lib/python3.9/site-packages/django/template/base.py", line 478, in parse
    raise self.error(token, e)
  File "/usr/local/lib/python3.9/site-packages/django/template/base.py", line 476, in parse
    compiled_result = compile_func(self, token)
  File "/usr/local/lib/python3.9/site-packages/django/template/defaulttags.py", line 965, in do_if
    nodelist = parser.parse(('elif', 'else', 'endif'))
  File "/usr/local/lib/python3.9/site-packages/django/template/base.py", line 449, in parse
    raise self.error(token, e)
  File "/usr/local/lib/python3.9/site-packages/django/template/base.py", line 447, in parse
    filter_expression = self.compile_filter(token.contents)
  File "/usr/local/lib/python3.9/site-packages/django/template/base.py", line 563, in compile_filter
    return FilterExpression(token, self)
  File "/usr/local/lib/python3.9/site-packages/django/template/base.py", line 662, in __init__
    raise TemplateSyntaxError("Could not parse the remainder: '%s' "
django.template.exceptions.TemplateSyntaxError: Could not parse the remainder: '[:4].open' from 'binance[:4].open'
2021-11-04 22:26:24,817 INFO :: Binance connection opened
2021-11-04 22:26:54,659 INFO :: Binance Futures Client Successfully Initialized
2021-11-04 22:26:55,240 ERROR :: Internal Server Error: /home
Traceback (most recent call last):
  File "/usr/local/lib/python3.9/site-packages/django/core/handlers/exception.py", line 47, in inner
    response = get_response(request)
  File "/usr/local/lib/python3.9/site-packages/django/core/handlers/base.py", line 181, in _get_response
    response = wrapped_callback(request, *callback_args, **callback_kwargs)
  File "/Users/osneildrakes/Desktop/Makers/Projects/cryp-3po/CRYP-3PO/traderunner/tradingbot/views.py", line 65, in home_view
    return render(request, "home.html", {'binance': binance})
  File "/usr/local/lib/python3.9/site-packages/django/shortcuts.py", line 19, in render
    content = loader.render_to_string(template_name, context, request, using=using)
  File "/usr/local/lib/python3.9/site-packages/django/template/loader.py", line 61, in render_to_string
    template = get_template(template_name, using=using)
  File "/usr/local/lib/python3.9/site-packages/django/template/loader.py", line 15, in get_template
    return engine.get_template(template_name)
  File "/usr/local/lib/python3.9/site-packages/django/template/backends/django.py", line 34, in get_template
    return Template(self.engine.get_template(template_name), self)
  File "/usr/local/lib/python3.9/site-packages/django/template/engine.py", line 143, in get_template
    template, origin = self.find_template(template_name)
  File "/usr/local/lib/python3.9/site-packages/django/template/engine.py", line 125, in find_template
    template = loader.get_template(name, skip=skip)
  File "/usr/local/lib/python3.9/site-packages/django/template/loaders/base.py", line 29, in get_template
    return Template(
  File "/usr/local/lib/python3.9/site-packages/django/template/base.py", line 155, in __init__
    self.nodelist = self.compile_nodelist()
  File "/usr/local/lib/python3.9/site-packages/django/template/base.py", line 193, in compile_nodelist
    return parser.parse()
  File "/usr/local/lib/python3.9/site-packages/django/template/base.py", line 478, in parse
    raise self.error(token, e)
  File "/usr/local/lib/python3.9/site-packages/django/template/base.py", line 476, in parse
    compiled_result = compile_func(self, token)
  File "/usr/local/lib/python3.9/site-packages/django/template/loader_tags.py", line 278, in do_extends
    nodelist = parser.parse()
  File "/usr/local/lib/python3.9/site-packages/django/template/base.py", line 478, in parse
    raise self.error(token, e)
  File "/usr/local/lib/python3.9/site-packages/django/template/base.py", line 476, in parse
    compiled_result = compile_func(self, token)
  File "/usr/local/lib/python3.9/site-packages/django/template/loader_tags.py", line 216, in do_block
    nodelist = parser.parse(('endblock',))
  File "/usr/local/lib/python3.9/site-packages/django/template/base.py", line 478, in parse
    raise self.error(token, e)
  File "/usr/local/lib/python3.9/site-packages/django/template/base.py", line 476, in parse
    compiled_result = compile_func(self, token)
  File "/usr/local/lib/python3.9/site-packages/django/template/defaulttags.py", line 965, in do_if
    nodelist = parser.parse(('elif', 'else', 'endif'))
  File "/usr/local/lib/python3.9/site-packages/django/template/base.py", line 449, in parse
    raise self.error(token, e)
  File "/usr/local/lib/python3.9/site-packages/django/template/base.py", line 447, in parse
    filter_expression = self.compile_filter(token.contents)
  File "/usr/local/lib/python3.9/site-packages/django/template/base.py", line 563, in compile_filter
    return FilterExpression(token, self)
  File "/usr/local/lib/python3.9/site-packages/django/template/base.py", line 662, in __init__
    raise TemplateSyntaxError("Could not parse the remainder: '%s' "
django.template.exceptions.TemplateSyntaxError: Could not parse the remainder: '[0]' from 'binance[0]'
2021-11-04 22:26:55,682 INFO :: Binance connection opened
2021-11-04 22:27:10,635 INFO :: Binance Futures Client Successfully Initialized
2021-11-04 22:27:11,843 INFO :: Binance connection opened
2021-11-04 22:28:43,305 INFO :: /Users/osneildrakes/Desktop/Makers/Projects/cryp-3po/CRYP-3PO/traderunner/tradingbot/views.py changed, reloading.
2021-11-04 22:28:48,315 INFO :: Binance Futures Client Successfully Initialized
2021-11-04 22:28:49,419 INFO :: Binance connection opened
2021-11-04 22:31:33,741 INFO :: /Users/osneildrakes/Desktop/Makers/Projects/cryp-3po/CRYP-3PO/traderunner/tradingbot/views.py changed, reloading.
2021-11-04 22:31:36,667 INFO :: Binance Futures Client Successfully Initialized
2021-11-04 22:31:37,729 INFO :: Binance connection opened
2021-11-04 22:32:00,217 INFO :: Binance Futures Client Successfully Initialized
2021-11-04 22:32:00,638 ERROR :: Internal Server Error: /home
Traceback (most recent call last):
  File "/usr/local/lib/python3.9/site-packages/django/core/handlers/exception.py", line 47, in inner
    response = get_response(request)
  File "/usr/local/lib/python3.9/site-packages/django/core/handlers/base.py", line 181, in _get_response
    response = wrapped_callback(request, *callback_args, **callback_kwargs)
  File "/Users/osneildrakes/Desktop/Makers/Projects/cryp-3po/CRYP-3PO/traderunner/tradingbot/views.py", line 66, in home_view
    return render(request, "home.html", {'binance': binance})
  File "/usr/local/lib/python3.9/site-packages/django/shortcuts.py", line 19, in render
    content = loader.render_to_string(template_name, context, request, using=using)
  File "/usr/local/lib/python3.9/site-packages/django/template/loader.py", line 61, in render_to_string
    template = get_template(template_name, using=using)
  File "/usr/local/lib/python3.9/site-packages/django/template/loader.py", line 15, in get_template
    return engine.get_template(template_name)
  File "/usr/local/lib/python3.9/site-packages/django/template/backends/django.py", line 34, in get_template
    return Template(self.engine.get_template(template_name), self)
  File "/usr/local/lib/python3.9/site-packages/django/template/engine.py", line 143, in get_template
    template, origin = self.find_template(template_name)
  File "/usr/local/lib/python3.9/site-packages/django/template/engine.py", line 125, in find_template
    template = loader.get_template(name, skip=skip)
  File "/usr/local/lib/python3.9/site-packages/django/template/loaders/base.py", line 29, in get_template
    return Template(
  File "/usr/local/lib/python3.9/site-packages/django/template/base.py", line 155, in __init__
    self.nodelist = self.compile_nodelist()
  File "/usr/local/lib/python3.9/site-packages/django/template/base.py", line 193, in compile_nodelist
    return parser.parse()
  File "/usr/local/lib/python3.9/site-packages/django/template/base.py", line 478, in parse
    raise self.error(token, e)
  File "/usr/local/lib/python3.9/site-packages/django/template/base.py", line 476, in parse
    compiled_result = compile_func(self, token)
  File "/usr/local/lib/python3.9/site-packages/django/template/loader_tags.py", line 278, in do_extends
    nodelist = parser.parse()
  File "/usr/local/lib/python3.9/site-packages/django/template/base.py", line 478, in parse
    raise self.error(token, e)
  File "/usr/local/lib/python3.9/site-packages/django/template/base.py", line 476, in parse
    compiled_result = compile_func(self, token)
  File "/usr/local/lib/python3.9/site-packages/django/template/loader_tags.py", line 216, in do_block
    nodelist = parser.parse(('endblock',))
  File "/usr/local/lib/python3.9/site-packages/django/template/base.py", line 478, in parse
    raise self.error(token, e)
  File "/usr/local/lib/python3.9/site-packages/django/template/base.py", line 476, in parse
    compiled_result = compile_func(self, token)
  File "/usr/local/lib/python3.9/site-packages/django/template/defaulttags.py", line 965, in do_if
    nodelist = parser.parse(('elif', 'else', 'endif'))
  File "/usr/local/lib/python3.9/site-packages/django/template/base.py", line 449, in parse
    raise self.error(token, e)
  File "/usr/local/lib/python3.9/site-packages/django/template/base.py", line 447, in parse
    filter_expression = self.compile_filter(token.contents)
  File "/usr/local/lib/python3.9/site-packages/django/template/base.py", line 563, in compile_filter
    return FilterExpression(token, self)
  File "/usr/local/lib/python3.9/site-packages/django/template/base.py", line 662, in __init__
    raise TemplateSyntaxError("Could not parse the remainder: '%s' "
django.template.exceptions.TemplateSyntaxError: Could not parse the remainder: '[0].open' from 'binance[0].open'
2021-11-04 22:32:01,226 INFO :: Binance connection opened
2021-11-04 22:34:13,489 INFO :: Binance Futures Client Successfully Initialized
2021-11-04 22:34:13,889 ERROR :: Internal Server Error: /home
Traceback (most recent call last):
  File "/usr/local/lib/python3.9/site-packages/django/template/base.py", line 470, in parse
    compile_func = self.tags[command]
KeyError: 'binance[0].open'

During handling of the above exception, another exception occurred:

Traceback (most recent call last):
  File "/usr/local/lib/python3.9/site-packages/django/core/handlers/exception.py", line 47, in inner
    response = get_response(request)
  File "/usr/local/lib/python3.9/site-packages/django/core/handlers/base.py", line 181, in _get_response
    response = wrapped_callback(request, *callback_args, **callback_kwargs)
  File "/Users/osneildrakes/Desktop/Makers/Projects/cryp-3po/CRYP-3PO/traderunner/tradingbot/views.py", line 66, in home_view
    return render(request, "home.html", {'binance': binance})
  File "/usr/local/lib/python3.9/site-packages/django/shortcuts.py", line 19, in render
    content = loader.render_to_string(template_name, context, request, using=using)
  File "/usr/local/lib/python3.9/site-packages/django/template/loader.py", line 61, in render_to_string
    template = get_template(template_name, using=using)
  File "/usr/local/lib/python3.9/site-packages/django/template/loader.py", line 15, in get_template
    return engine.get_template(template_name)
  File "/usr/local/lib/python3.9/site-packages/django/template/backends/django.py", line 34, in get_template
    return Template(self.engine.get_template(template_name), self)
  File "/usr/local/lib/python3.9/site-packages/django/template/engine.py", line 143, in get_template
    template, origin = self.find_template(template_name)
  File "/usr/local/lib/python3.9/site-packages/django/template/engine.py", line 125, in find_template
    template = loader.get_template(name, skip=skip)
  File "/usr/local/lib/python3.9/site-packages/django/template/loaders/base.py", line 29, in get_template
    return Template(
  File "/usr/local/lib/python3.9/site-packages/django/template/base.py", line 155, in __init__
    self.nodelist = self.compile_nodelist()
  File "/usr/local/lib/python3.9/site-packages/django/template/base.py", line 193, in compile_nodelist
    return parser.parse()
  File "/usr/local/lib/python3.9/site-packages/django/template/base.py", line 478, in parse
    raise self.error(token, e)
  File "/usr/local/lib/python3.9/site-packages/django/template/base.py", line 476, in parse
    compiled_result = compile_func(self, token)
  File "/usr/local/lib/python3.9/site-packages/django/template/loader_tags.py", line 278, in do_extends
    nodelist = parser.parse()
  File "/usr/local/lib/python3.9/site-packages/django/template/base.py", line 478, in parse
    raise self.error(token, e)
  File "/usr/local/lib/python3.9/site-packages/django/template/base.py", line 476, in parse
    compiled_result = compile_func(self, token)
  File "/usr/local/lib/python3.9/site-packages/django/template/loader_tags.py", line 216, in do_block
    nodelist = parser.parse(('endblock',))
  File "/usr/local/lib/python3.9/site-packages/django/template/base.py", line 478, in parse
    raise self.error(token, e)
  File "/usr/local/lib/python3.9/site-packages/django/template/base.py", line 476, in parse
    compiled_result = compile_func(self, token)
  File "/usr/local/lib/python3.9/site-packages/django/template/defaulttags.py", line 965, in do_if
    nodelist = parser.parse(('elif', 'else', 'endif'))
  File "/usr/local/lib/python3.9/site-packages/django/template/base.py", line 472, in parse
    self.invalid_block_tag(token, command, parse_until)
  File "/usr/local/lib/python3.9/site-packages/django/template/base.py", line 522, in invalid_block_tag
    raise self.error(
django.template.exceptions.TemplateSyntaxError: Invalid block tag on line 12: 'binance[0].open', expected 'elif', 'else' or 'endif'. Did you forget to register or load this tag?
2021-11-04 22:34:14,557 INFO :: Binance connection opened
2021-11-04 22:36:49,252 INFO :: Binance Futures Client Successfully Initialized
2021-11-04 22:36:49,684 ERROR :: Internal Server Error: /home
Traceback (most recent call last):
  File "/usr/local/lib/python3.9/site-packages/django/template/base.py", line 470, in parse
    compile_func = self.tags[command]
KeyError: 'binance.0.open'

During handling of the above exception, another exception occurred:

Traceback (most recent call last):
  File "/usr/local/lib/python3.9/site-packages/django/core/handlers/exception.py", line 47, in inner
    response = get_response(request)
  File "/usr/local/lib/python3.9/site-packages/django/core/handlers/base.py", line 181, in _get_response
    response = wrapped_callback(request, *callback_args, **callback_kwargs)
  File "/Users/osneildrakes/Desktop/Makers/Projects/cryp-3po/CRYP-3PO/traderunner/tradingbot/views.py", line 66, in home_view
    return render(request, "home.html", {'binance': binance})
  File "/usr/local/lib/python3.9/site-packages/django/shortcuts.py", line 19, in render
    content = loader.render_to_string(template_name, context, request, using=using)
  File "/usr/local/lib/python3.9/site-packages/django/template/loader.py", line 61, in render_to_string
    template = get_template(template_name, using=using)
  File "/usr/local/lib/python3.9/site-packages/django/template/loader.py", line 15, in get_template
    return engine.get_template(template_name)
  File "/usr/local/lib/python3.9/site-packages/django/template/backends/django.py", line 34, in get_template
    return Template(self.engine.get_template(template_name), self)
  File "/usr/local/lib/python3.9/site-packages/django/template/engine.py", line 143, in get_template
    template, origin = self.find_template(template_name)
  File "/usr/local/lib/python3.9/site-packages/django/template/engine.py", line 125, in find_template
    template = loader.get_template(name, skip=skip)
  File "/usr/local/lib/python3.9/site-packages/django/template/loaders/base.py", line 29, in get_template
    return Template(
  File "/usr/local/lib/python3.9/site-packages/django/template/base.py", line 155, in __init__
    self.nodelist = self.compile_nodelist()
  File "/usr/local/lib/python3.9/site-packages/django/template/base.py", line 193, in compile_nodelist
    return parser.parse()
  File "/usr/local/lib/python3.9/site-packages/django/template/base.py", line 478, in parse
    raise self.error(token, e)
  File "/usr/local/lib/python3.9/site-packages/django/template/base.py", line 476, in parse
    compiled_result = compile_func(self, token)
  File "/usr/local/lib/python3.9/site-packages/django/template/loader_tags.py", line 278, in do_extends
    nodelist = parser.parse()
  File "/usr/local/lib/python3.9/site-packages/django/template/base.py", line 478, in parse
    raise self.error(token, e)
  File "/usr/local/lib/python3.9/site-packages/django/template/base.py", line 476, in parse
    compiled_result = compile_func(self, token)
  File "/usr/local/lib/python3.9/site-packages/django/template/loader_tags.py", line 216, in do_block
    nodelist = parser.parse(('endblock',))
  File "/usr/local/lib/python3.9/site-packages/django/template/base.py", line 478, in parse
    raise self.error(token, e)
  File "/usr/local/lib/python3.9/site-packages/django/template/base.py", line 476, in parse
    compiled_result = compile_func(self, token)
  File "/usr/local/lib/python3.9/site-packages/django/template/defaulttags.py", line 965, in do_if
    nodelist = parser.parse(('elif', 'else', 'endif'))
  File "/usr/local/lib/python3.9/site-packages/django/template/base.py", line 472, in parse
    self.invalid_block_tag(token, command, parse_until)
  File "/usr/local/lib/python3.9/site-packages/django/template/base.py", line 522, in invalid_block_tag
    raise self.error(
django.template.exceptions.TemplateSyntaxError: Invalid block tag on line 12: 'binance.0.open', expected 'elif', 'else' or 'endif'. Did you forget to register or load this tag?
2021-11-04 22:36:50,292 INFO :: Binance connection opened
2021-11-04 22:37:08,691 INFO :: Binance Futures Client Successfully Initialized
2021-11-04 22:37:09,879 INFO :: Binance connection opened
2021-11-04 22:50:09,658 INFO :: /Users/osneildrakes/Desktop/Makers/Projects/cryp-3po/CRYP-3PO/traderunner/tradingbot/views.py changed, reloading.
2021-11-07 20:16:29,414 INFO :: Binance Futures Client Successfully Initialized
2021-11-07 20:16:30,932 INFO :: Binance connection opened
2021-11-08 00:19:30,276 INFO :: /Users/osneildrakes/Desktop/Makers/Projects/cryp-3po/CRYP-3PO/traderunner/API/main.py changed, reloading.
2021-11-08 00:20:13,326 INFO :: /Users/osneildrakes/Desktop/Makers/Projects/cryp-3po/CRYP-3PO/traderunner/API/main.py changed, reloading.
2021-11-08 00:20:15,814 ERROR :: Internal Server Error: /home
Traceback (most recent call last):
  File "/usr/local/lib/python3.9/site-packages/django/core/handlers/exception.py", line 47, in inner
    response = get_response(request)
  File "/usr/local/lib/python3.9/site-packages/django/core/handlers/base.py", line 181, in _get_response
    response = wrapped_callback(request, *callback_args, **callback_kwargs)
  File "/Users/osneildrakes/Desktop/Makers/Projects/cryp-3po/CRYP-3PO/traderunner/tradingbot/views.py", line 48, in home
    contracts = binance.contracts
AttributeError: 'str' object has no attribute 'contracts'
2021-11-08 00:20:30,674 INFO :: /Users/osneildrakes/Desktop/Makers/Projects/cryp-3po/CRYP-3PO/traderunner/API/main.py changed, reloading.
2021-11-08 00:22:06,958 INFO :: /Users/osneildrakes/Desktop/Makers/Projects/cryp-3po/CRYP-3PO/traderunner/API/main.py changed, reloading.
2021-11-08 00:22:09,151 INFO :: Binance Futures Client Successfully Initialized
2021-11-08 00:22:10,314 INFO :: Binance connection opened
2021-11-08 00:22:12,418 INFO :: Bingo, now is a good time to execute a trade
2021-11-08 00:22:14,064 INFO :: Bingo, now is a good time to execute a trade
2021-11-08 00:22:14,065 INFO :: Bingo, now is a good time to execute a trade
2021-11-08 00:22:16,022 INFO :: Bingo, now is a good time to execute a trade
2021-11-08 00:22:16,067 INFO :: Bingo, now is a good time to execute a trade
2021-11-08 00:22:18,094 INFO :: Bingo, now is a good time to execute a trade
2021-11-08 00:22:18,107 INFO :: Bingo, now is a good time to execute a trade
2021-11-08 00:22:20,186 INFO :: Bingo, now is a good time to execute a trade
2021-11-08 00:22:20,204 INFO :: Bingo, now is a good time to execute a trade
2021-11-08 00:22:22,247 INFO :: Bingo, now is a good time to execute a trade
2021-11-08 00:22:22,258 INFO :: Bingo, now is a good time to execute a trade
2021-11-08 00:22:24,289 INFO :: Bingo, now is a good time to execute a trade
2021-11-08 00:22:24,326 INFO :: Bingo, now is a good time to execute a trade
2021-11-08 00:22:26,360 INFO :: Bingo, now is a good time to execute a trade
2021-11-08 00:22:26,373 INFO :: Bingo, now is a good time to execute a trade
2021-11-08 00:22:26,403 INFO :: Bingo, now is a good time to execute a trade
2021-11-08 00:22:28,090 INFO :: Bingo, now is a good time to execute a trade
2021-11-08 00:22:28,095 INFO :: Bingo, now is a good time to execute a trade
2021-11-08 00:22:28,097 INFO :: Bingo, now is a good time to execute a trade
2021-11-08 00:22:30,066 INFO :: Bingo, now is a good time to execute a trade
2021-11-08 00:22:30,070 INFO :: Bingo, now is a good time to execute a trade
2021-11-08 00:22:32,180 INFO :: Bingo, now is a good time to execute a trade
2021-11-08 00:22:32,192 INFO :: Bingo, now is a good time to execute a trade
2021-11-08 00:22:32,203 INFO :: Bingo, now is a good time to execute a trade
2021-11-08 00:22:32,214 INFO :: Bingo, now is a good time to execute a trade
2021-11-08 00:22:32,225 INFO :: Bingo, now is a good time to execute a trade
2021-11-08 00:22:34,270 INFO :: Bingo, now is a good time to execute a trade
2021-11-08 00:22:34,283 INFO :: Bingo, now is a good time to execute a trade
2021-11-08 00:22:36,389 INFO :: Bingo, now is a good time to execute a trade
2021-11-08 00:22:38,384 INFO :: Bingo, now is a good time to execute a trade
2021-11-08 00:22:38,424 INFO :: Bingo, now is a good time to execute a trade
2021-11-08 00:22:38,436 INFO :: Bingo, now is a good time to execute a trade
2021-11-08 00:22:38,449 INFO :: Bingo, now is a good time to execute a trade
2021-11-08 00:22:42,021 INFO :: Bingo, now is a good time to execute a trade
2021-11-08 00:22:44,063 INFO :: Bingo, now is a good time to execute a trade
2021-11-08 00:22:44,077 INFO :: Bingo, now is a good time to execute a trade
2021-11-08 00:22:46,126 INFO :: Bingo, now is a good time to execute a trade
2021-11-08 00:22:46,159 INFO :: Bingo, now is a good time to execute a trade
2021-11-08 00:25:04,572 INFO :: Binance Futures Client Successfully Initialized
2021-11-08 00:25:05,795 INFO :: Binance connection opened
2021-11-08 00:25:08,336 INFO :: Bingo, now is a good time to execute a trade
2021-11-08 00:25:10,393 INFO :: Bingo, now is a good time to execute a trade
2021-11-08 00:25:10,406 INFO :: Bingo, now is a good time to execute a trade
2021-11-08 00:25:12,041 INFO :: Bingo, now is a good time to execute a trade
2021-11-08 00:25:12,041 INFO :: Bingo, now is a good time to execute a trade
2021-11-08 00:25:14,089 INFO :: Bingo, now is a good time to execute a trade
2021-11-08 00:25:14,089 INFO :: Bingo, now is a good time to execute a trade
2021-11-08 00:25:16,096 INFO :: Bingo, now is a good time to execute a trade
2021-11-08 00:25:20,200 INFO :: Bingo, now is a good time to execute a trade
2021-11-08 00:25:20,212 INFO :: Bingo, now is a good time to execute a trade
2021-11-08 00:25:22,284 INFO :: Bingo, now is a good time to execute a trade
2021-11-08 00:25:22,285 INFO :: Bingo, now is a good time to execute a trade
2021-11-08 00:25:22,286 INFO :: Bingo, now is a good time to execute a trade
2021-11-08 00:25:24,440 INFO :: Bingo, now is a good time to execute a trade
2021-11-08 00:25:26,381 INFO :: Bingo, now is a good time to execute a trade
2021-11-08 00:25:26,394 INFO :: Bingo, now is a good time to execute a trade
2021-11-08 00:25:26,417 INFO :: Bingo, now is a good time to execute a trade
2021-11-08 00:25:28,016 INFO :: Bingo, now is a good time to execute a trade
2021-11-08 00:25:30,063 INFO :: Bingo, now is a good time to execute a trade
2021-11-08 00:25:30,065 INFO :: Bingo, now is a good time to execute a trade
2021-11-08 00:25:32,100 INFO :: Bingo, now is a good time to execute a trade
2021-11-08 00:25:34,162 INFO :: Bingo, now is a good time to execute a trade
2021-11-08 00:25:34,175 INFO :: Bingo, now is a good time to execute a trade
2021-11-08 00:25:36,241 INFO :: Bingo, now is a good time to execute a trade
2021-11-08 00:25:36,255 INFO :: Bingo, now is a good time to execute a trade
2021-11-08 00:25:38,312 INFO :: Bingo, now is a good time to execute a trade
2021-11-08 00:25:38,369 INFO :: Bingo, now is a good time to execute a trade
2021-11-08 00:25:38,382 INFO :: Bingo, now is a good time to execute a trade
2021-11-08 00:25:38,395 INFO :: Bingo, now is a good time to execute a trade
2021-11-08 00:25:40,100 INFO :: Bingo, now is a good time to execute a trade
2021-11-08 00:25:40,101 INFO :: Bingo, now is a good time to execute a trade
2021-11-08 00:25:42,071 INFO :: Bingo, now is a good time to execute a trade
2021-11-08 00:25:44,123 INFO :: Bingo, now is a good time to execute a trade
2021-11-08 00:25:48,258 INFO :: Bingo, now is a good time to execute a trade
2021-11-08 00:25:50,295 INFO :: Bingo, now is a good time to execute a trade
2021-11-08 00:25:50,308 INFO :: Bingo, now is a good time to execute a trade
2021-11-08 00:25:52,491 INFO :: Bingo, now is a good time to execute a trade
2021-11-08 00:25:52,494 INFO :: Bingo, now is a good time to execute a trade
2021-11-08 00:25:54,102 INFO :: /Users/osneildrakes/Desktop/Makers/Projects/cryp-3po/CRYP-3PO/traderunner/tradingbot/views.py changed, reloading.
2021-11-08 00:25:56,001 INFO :: Bingo, now is a good time to execute a trade
2021-11-08 00:25:56,013 INFO :: Bingo, now is a good time to execute a trade
2021-11-08 00:25:58,124 INFO :: Bingo, now is a good time to execute a trade
2021-11-08 00:26:00,140 INFO :: Bingo, now is a good time to execute a trade
2021-11-08 00:26:02,234 INFO :: Bingo, now is a good time to execute a trade
2021-11-08 00:26:02,245 INFO :: Bingo, now is a good time to execute a trade
2021-11-08 00:26:02,261 INFO :: Bingo, now is a good time to execute a trade
2021-11-08 00:26:02,275 INFO :: Bingo, now is a good time to execute a trade
2021-11-08 00:26:04,401 INFO :: Bingo, now is a good time to execute a trade
2021-11-08 00:26:04,418 INFO :: Bingo, now is a good time to execute a trade
2021-11-08 00:26:06,008 INFO :: Bingo, now is a good time to execute a trade
2021-11-08 00:26:08,036 INFO :: Bingo, now is a good time to execute a trade
2021-11-08 00:26:08,037 INFO :: Bingo, now is a good time to execute a trade
2021-11-08 00:26:10,094 INFO :: Bingo, now is a good time to execute a trade
2021-11-08 00:26:10,108 INFO :: Bingo, now is a good time to execute a trade
2021-11-08 00:26:10,122 INFO :: Bingo, now is a good time to execute a trade
2021-11-08 00:26:10,134 INFO :: Bingo, now is a good time to execute a trade
2021-11-08 00:26:12,241 INFO :: Bingo, now is a good time to execute a trade
2021-11-08 00:26:12,254 INFO :: Bingo, now is a good time to execute a trade
2021-11-08 00:26:12,269 INFO :: Bingo, now is a good time to execute a trade
2021-11-08 00:26:14,309 INFO :: Bingo, now is a good time to execute a trade
2021-11-08 00:26:18,414 INFO :: Bingo, now is a good time to execute a trade
2021-11-08 00:26:18,449 INFO :: Bingo, now is a good time to execute a trade
2021-11-08 00:26:20,009 INFO :: Bingo, now is a good time to execute a trade
2021-11-08 00:26:22,052 INFO :: Bingo, now is a good time to execute a trade
2021-11-08 00:26:22,067 INFO :: Bingo, now is a good time to execute a trade
2021-11-08 00:26:37,657 INFO :: Binance Futures Client Successfully Initialized
2021-11-08 00:26:38,879 INFO :: Binance connection opened
2021-11-08 00:26:42,328 INFO :: Bingo, now is a good time to execute a trade
2021-11-08 00:26:42,342 INFO :: Bingo, now is a good time to execute a trade
2021-11-08 00:26:46,048 INFO :: Bingo, now is a good time to execute a trade
2021-11-08 00:26:46,049 INFO :: Bingo, now is a good time to execute a trade
2021-11-08 00:26:48,095 INFO :: Bingo, now is a good time to execute a trade
2021-11-08 00:26:48,095 INFO :: Bingo, now is a good time to execute a trade
2021-11-08 00:26:50,083 INFO :: Bingo, now is a good time to execute a trade
2021-11-08 00:26:50,097 INFO :: Bingo, now is a good time to execute a trade
2021-11-08 00:26:52,140 INFO :: Bingo, now is a good time to execute a trade
2021-11-08 00:26:54,197 INFO :: Bingo, now is a good time to execute a trade
2021-11-08 00:26:54,229 INFO :: Bingo, now is a good time to execute a trade
2021-11-08 00:26:56,258 INFO :: Bingo, now is a good time to execute a trade
2021-11-08 00:26:56,271 INFO :: Bingo, now is a good time to execute a trade
2021-11-08 00:26:56,288 INFO :: Bingo, now is a good time to execute a trade
2021-11-08 00:26:58,320 INFO :: Bingo, now is a good time to execute a trade
2021-11-08 00:26:58,352 INFO :: Bingo, now is a good time to execute a trade
2021-11-08 00:27:00,427 INFO :: Bingo, now is a good time to execute a trade
2021-11-08 00:27:01,976 INFO :: Bingo, now is a good time to execute a trade
2021-11-08 00:27:04,071 INFO :: Bingo, now is a good time to execute a trade
2021-11-08 00:27:04,071 INFO :: Bingo, now is a good time to execute a trade
2021-11-08 00:27:06,122 INFO :: Bingo, now is a good time to execute a trade
2021-11-08 00:27:06,131 INFO :: Bingo, now is a good time to execute a trade
2021-11-08 00:27:08,207 INFO :: Bingo, now is a good time to execute a trade
2021-11-08 00:27:10,260 INFO :: Bingo, now is a good time to execute a trade
2021-11-08 00:27:10,273 INFO :: Bingo, now is a good time to execute a trade
2021-11-08 00:27:12,357 INFO :: Bingo, now is a good time to execute a trade
2021-11-08 00:27:12,378 INFO :: Bingo, now is a good time to execute a trade
2021-11-08 00:27:14,424 INFO :: Bingo, now is a good time to execute a trade
2021-11-08 00:27:14,452 INFO :: Bingo, now is a good time to execute a trade
2021-11-08 00:27:16,052 INFO :: Bingo, now is a good time to execute a trade
2021-11-08 00:27:18,099 INFO :: Bingo, now is a good time to execute a trade
2021-11-08 00:27:18,111 INFO :: Bingo, now is a good time to execute a trade
2021-11-08 00:27:20,190 INFO :: Bingo, now is a good time to execute a trade
2021-11-08 00:27:22,241 INFO :: Bingo, now is a good time to execute a trade
2021-11-08 00:27:24,301 INFO :: Bingo, now is a good time to execute a trade
2021-11-08 00:27:24,315 INFO :: Bingo, now is a good time to execute a trade
2021-11-08 00:27:26,387 INFO :: Bingo, now is a good time to execute a trade
2021-11-08 00:27:28,431 INFO :: Bingo, now is a good time to execute a trade
2021-11-08 00:27:28,446 INFO :: Bingo, now is a good time to execute a trade
2021-11-08 00:29:09,116 INFO :: Binance Futures Client Successfully Initialized
2021-11-08 00:29:10,334 INFO :: Binance connection opened
2021-11-08 00:29:14,405 INFO :: Bingo, now is a good time to execute a trade
2021-11-08 00:29:14,437 INFO :: Bingo, now is a good time to execute a trade
2021-11-08 00:29:14,447 INFO :: Bingo, now is a good time to execute a trade
2021-11-08 00:29:16,036 INFO :: Bingo, now is a good time to execute a trade
2021-11-08 00:29:18,062 INFO :: Bingo, now is a good time to execute a trade
2021-11-08 00:29:18,074 INFO :: Bingo, now is a good time to execute a trade
2021-11-08 00:29:20,139 INFO :: Bingo, now is a good time to execute a trade
2021-11-08 00:29:22,242 INFO :: Bingo, now is a good time to execute a trade
2021-11-08 00:29:22,253 INFO :: Bingo, now is a good time to execute a trade
2021-11-08 00:29:22,262 INFO :: Bingo, now is a good time to execute a trade
2021-11-08 00:29:24,339 INFO :: Bingo, now is a good time to execute a trade
2021-11-08 00:29:26,381 INFO :: Bingo, now is a good time to execute a trade
2021-11-08 00:29:27,946 INFO :: Bingo, now is a good time to execute a trade
2021-11-08 00:29:30,012 INFO :: Bingo, now is a good time to execute a trade
2021-11-08 00:29:30,024 INFO :: Bingo, now is a good time to execute a trade
2021-11-08 00:29:32,104 INFO :: Bingo, now is a good time to execute a trade
2021-11-08 00:29:32,133 INFO :: Bingo, now is a good time to execute a trade
2021-11-08 00:29:32,144 INFO :: Bingo, now is a good time to execute a trade
2021-11-08 00:29:34,203 INFO :: Bingo, now is a good time to execute a trade
2021-11-08 00:29:34,219 INFO :: Bingo, now is a good time to execute a trade
2021-11-08 00:29:36,267 INFO :: Bingo, now is a good time to execute a trade
2021-11-08 00:29:36,279 INFO :: Bingo, now is a good time to execute a trade
2021-11-08 00:29:38,333 INFO :: Bingo, now is a good time to execute a trade
2021-11-08 00:29:40,370 INFO :: Bingo, now is a good time to execute a trade
2021-11-08 00:29:40,383 INFO :: Bingo, now is a good time to execute a trade
2021-11-08 00:29:40,395 INFO :: Bingo, now is a good time to execute a trade
2021-11-08 00:29:42,433 INFO :: Bingo, now is a good time to execute a trade
2021-11-08 00:29:42,464 INFO :: Bingo, now is a good time to execute a trade
2021-11-08 00:29:44,026 INFO :: Bingo, now is a good time to execute a trade
2021-11-08 00:29:44,027 INFO :: Bingo, now is a good time to execute a trade
2021-11-08 00:29:46,074 INFO :: Bingo, now is a good time to execute a trade
2021-11-08 00:29:46,075 INFO :: Bingo, now is a good time to execute a trade
2021-11-08 00:29:46,093 INFO :: Bingo, now is a good time to execute a trade
2021-11-08 00:29:48,179 INFO :: Bingo, now is a good time to execute a trade
2021-11-08 00:29:48,195 INFO :: Bingo, now is a good time to execute a trade
